<?xml version="1.0" encoding="UTF-8"?>
<testsuite name="com.GreenComm.api_gateway.ApiGatewayApplicationTests" tests="1" skipped="0" failures="0" errors="0" timestamp="2024-07-04T21:48:23" hostname="DESKTOP-DF476QB" time="2.002">
  <properties/>
  <testcase name="contextLoads()" classname="com.GreenComm.api_gateway.ApiGatewayApplicationTests" time="2.002"/>
  <system-out><![CDATA[16:48:13.316 [Test worker] INFO org.springframework.test.context.support.AnnotationConfigContextLoaderUtils -- Could not detect default configuration classes for test class [com.GreenComm.api_gateway.ApiGatewayApplicationTests]: ApiGatewayApplicationTests does not declare any static, non-private, non-final, nested classes annotated with @Configuration.
16:48:13.485 [Test worker] INFO org.springframework.boot.test.context.SpringBootTestContextBootstrapper -- Found @SpringBootConfiguration com.GreenComm.api_gateway.ApiGatewayApplication for test class com.GreenComm.api_gateway.ApiGatewayApplicationTests

  .   ____          _            __ _ _
 /\\ / ___'_ __ _ _(_)_ __  __ _ \ \ \ \
( ( )\___ | '_ | '_| | '_ \/ _` | \ \ \ \
 \\/  ___)| |_)| | | | | || (_| |  ) ) ) )
  '  |____| .__|_| |_|_| |_\__, | / / / /
 =========|_|==============|___/=/_/_/_/
 :: Spring Boot ::                (v3.2.6)

2024-07-04T16:48:15.801-05:00  INFO 24464 --- [api-gateway] [    Test worker] c.G.a.ApiGatewayApplicationTests         : Starting ApiGatewayApplicationTests using Java 17.0.9 with PID 24464 (started by ASUS in C:\Users\ASUS\OneDrive\Escritorio\Proyecto\api-gateway-main)
2024-07-04T16:48:15.809-05:00  INFO 24464 --- [api-gateway] [    Test worker] c.G.a.ApiGatewayApplicationTests         : No active profile set, falling back to 1 default profile: "default"
2024-07-04T16:48:18.560-05:00  INFO 24464 --- [api-gateway] [    Test worker] o.s.cloud.context.scope.GenericScope     : BeanFactory id=267e09d6-f1c7-3f2e-bd9b-fdea37c5c727
2024-07-04T16:48:19.043-05:00  INFO 24464 --- [api-gateway] [    Test worker] ctiveUserDetailsServiceAutoConfiguration : 

Using generated security password: ec6880d6-79b9-47f8-a138-c4804fd2a1c5

2024-07-04T16:48:20.892-05:00  INFO 24464 --- [api-gateway] [    Test worker] o.s.cloud.commons.util.InetUtils         : Cannot determine local hostname
2024-07-04T16:48:21.366-05:00  INFO 24464 --- [api-gateway] [    Test worker] o.s.c.g.r.RouteDefinitionRouteLocator    : Loaded RoutePredicateFactory [After]
2024-07-04T16:48:21.366-05:00  INFO 24464 --- [api-gateway] [    Test worker] o.s.c.g.r.RouteDefinitionRouteLocator    : Loaded RoutePredicateFactory [Before]
2024-07-04T16:48:21.366-05:00  INFO 24464 --- [api-gateway] [    Test worker] o.s.c.g.r.RouteDefinitionRouteLocator    : Loaded RoutePredicateFactory [Between]
2024-07-04T16:48:21.367-05:00  INFO 24464 --- [api-gateway] [    Test worker] o.s.c.g.r.RouteDefinitionRouteLocator    : Loaded RoutePredicateFactory [Cookie]
2024-07-04T16:48:21.367-05:00  INFO 24464 --- [api-gateway] [    Test worker] o.s.c.g.r.RouteDefinitionRouteLocator    : Loaded RoutePredicateFactory [Header]
2024-07-04T16:48:21.367-05:00  INFO 24464 --- [api-gateway] [    Test worker] o.s.c.g.r.RouteDefinitionRouteLocator    : Loaded RoutePredicateFactory [Host]
2024-07-04T16:48:21.367-05:00  INFO 24464 --- [api-gateway] [    Test worker] o.s.c.g.r.RouteDefinitionRouteLocator    : Loaded RoutePredicateFactory [Method]
2024-07-04T16:48:21.367-05:00  INFO 24464 --- [api-gateway] [    Test worker] o.s.c.g.r.RouteDefinitionRouteLocator    : Loaded RoutePredicateFactory [Path]
2024-07-04T16:48:21.367-05:00  INFO 24464 --- [api-gateway] [    Test worker] o.s.c.g.r.RouteDefinitionRouteLocator    : Loaded RoutePredicateFactory [Query]
2024-07-04T16:48:21.367-05:00  INFO 24464 --- [api-gateway] [    Test worker] o.s.c.g.r.RouteDefinitionRouteLocator    : Loaded RoutePredicateFactory [ReadBody]
2024-07-04T16:48:21.367-05:00  INFO 24464 --- [api-gateway] [    Test worker] o.s.c.g.r.RouteDefinitionRouteLocator    : Loaded RoutePredicateFactory [RemoteAddr]
2024-07-04T16:48:21.367-05:00  INFO 24464 --- [api-gateway] [    Test worker] o.s.c.g.r.RouteDefinitionRouteLocator    : Loaded RoutePredicateFactory [XForwardedRemoteAddr]
2024-07-04T16:48:21.368-05:00  INFO 24464 --- [api-gateway] [    Test worker] o.s.c.g.r.RouteDefinitionRouteLocator    : Loaded RoutePredicateFactory [Weight]
2024-07-04T16:48:21.368-05:00  INFO 24464 --- [api-gateway] [    Test worker] o.s.c.g.r.RouteDefinitionRouteLocator    : Loaded RoutePredicateFactory [CloudFoundryRouteService]
2024-07-04T16:48:22.766-05:00  INFO 24464 --- [api-gateway] [    Test worker] o.s.cloud.commons.util.InetUtils         : Cannot determine local hostname
2024-07-04T16:48:22.895-05:00  INFO 24464 --- [api-gateway] [    Test worker] o.s.b.a.e.web.EndpointLinksResolver      : Exposing 15 endpoint(s) beneath base path '/actuator'
2024-07-04T16:48:23.374-05:00  INFO 24464 --- [api-gateway] [    Test worker] c.G.a.ApiGatewayApplicationTests         : Started ApiGatewayApplicationTests in 9.505 seconds (process running for 11.191)
]]></system-out>
  <system-err><![CDATA[]]></system-err>
</testsuite>
